Analysis & Synthesis report for ExU
Sun Apr 12 18:14:28 2020
Quartus Prime Version 18.1.0 Build 625 09/12/2018 SJ Lite Edition


---------------------
; Table of Contents ;
---------------------
  1. Legal Notice
  2. Analysis & Synthesis Summary
  3. Analysis & Synthesis Settings
  4. Parallel Compilation
  5. Analysis & Synthesis Messages



----------------
; Legal Notice ;
----------------
Copyright (C) 2018  Intel Corporation. All rights reserved.
Your use of Intel Corporation's design tools, logic functions 
and other software and tools, and its AMPP partner logic 
functions, and any output files from any of the foregoing 
(including device programming or simulation files), and any 
associated documentation or information are expressly subject 
to the terms and conditions of the Intel Program License 
Subscription Agreement, the Intel Quartus Prime License Agreement,
the Intel FPGA IP License Agreement, or other applicable license
agreement, including, without limitation, that your use is for
the sole purpose of programming logic devices manufactured by
Intel and sold by Intel or its authorized distributors.  Please
refer to the applicable agreement for further details.



+----------------------------------------------------------------------------------+
; Analysis & Synthesis Summary                                                     ;
+------------------------------------+---------------------------------------------+
; Analysis & Synthesis Status        ; Failed - Sun Apr 12 18:14:28 2020           ;
; Quartus Prime Version              ; 18.1.0 Build 625 09/12/2018 SJ Lite Edition ;
; Revision Name                      ; ExU                                         ;
; Top-level Entity Name              ; ExU                                         ;
; Family                             ; Cyclone IV E                                ;
; Total logic elements               ; N/A until Partition Merge                   ;
;     Total combinational functions  ; N/A until Partition Merge                   ;
;     Dedicated logic registers      ; N/A until Partition Merge                   ;
; Total registers                    ; N/A until Partition Merge                   ;
; Total pins                         ; N/A until Partition Merge                   ;
; Total virtual pins                 ; N/A until Partition Merge                   ;
; Total memory bits                  ; N/A until Partition Merge                   ;
; Embedded Multiplier 9-bit elements ; N/A until Partition Merge                   ;
; Total PLLs                         ; N/A until Partition Merge                   ;
+------------------------------------+---------------------------------------------+


+------------------------------------------------------------------------------------------------------------+
; Analysis & Synthesis Settings                                                                              ;
+------------------------------------------------------------------+--------------------+--------------------+
; Option                                                           ; Setting            ; Default Value      ;
+------------------------------------------------------------------+--------------------+--------------------+
; Device                                                           ; EP4CE115F29C7      ;                    ;
; Top-level entity name                                            ; ExU                ; ExU                ;
; Family name                                                      ; Cyclone IV E       ; Cyclone V          ;
; Use smart compilation                                            ; Off                ; Off                ;
; Enable parallel Assembler and Timing Analyzer during compilation ; On                 ; On                 ;
; Enable compact report table                                      ; Off                ; Off                ;
; Restructure Multiplexers                                         ; Auto               ; Auto               ;
; Create Debugging Nodes for IP Cores                              ; Off                ; Off                ;
; Preserve fewer node names                                        ; On                 ; On                 ;
; Intel FPGA IP Evaluation Mode                                    ; Enable             ; Enable             ;
; Verilog Version                                                  ; Verilog_2001       ; Verilog_2001       ;
; VHDL Version                                                     ; VHDL_1993          ; VHDL_1993          ;
; State Machine Processing                                         ; Auto               ; Auto               ;
; Safe State Machine                                               ; Off                ; Off                ;
; Extract Verilog State Machines                                   ; On                 ; On                 ;
; Extract VHDL State Machines                                      ; On                 ; On                 ;
; Ignore Verilog initial constructs                                ; Off                ; Off                ;
; Iteration limit for constant Verilog loops                       ; 5000               ; 5000               ;
; Iteration limit for non-constant Verilog loops                   ; 250                ; 250                ;
; Add Pass-Through Logic to Inferred RAMs                          ; On                 ; On                 ;
; Infer RAMs from Raw Logic                                        ; On                 ; On                 ;
; Parallel Synthesis                                               ; On                 ; On                 ;
; DSP Block Balancing                                              ; Auto               ; Auto               ;
; NOT Gate Push-Back                                               ; On                 ; On                 ;
; Power-Up Don't Care                                              ; On                 ; On                 ;
; Remove Redundant Logic Cells                                     ; Off                ; Off                ;
; Remove Duplicate Registers                                       ; On                 ; On                 ;
; Ignore CARRY Buffers                                             ; Off                ; Off                ;
; Ignore CASCADE Buffers                                           ; Off                ; Off                ;
; Ignore GLOBAL Buffers                                            ; Off                ; Off                ;
; Ignore ROW GLOBAL Buffers                                        ; Off                ; Off                ;
; Ignore LCELL Buffers                                             ; Off                ; Off                ;
; Ignore SOFT Buffers                                              ; On                 ; On                 ;
; Limit AHDL Integers to 32 Bits                                   ; Off                ; Off                ;
; Optimization Technique                                           ; Balanced           ; Balanced           ;
; Carry Chain Length                                               ; 70                 ; 70                 ;
; Auto Carry Chains                                                ; On                 ; On                 ;
; Auto Open-Drain Pins                                             ; On                 ; On                 ;
; Perform WYSIWYG Primitive Resynthesis                            ; Off                ; Off                ;
; Auto ROM Replacement                                             ; On                 ; On                 ;
; Auto RAM Replacement                                             ; On                 ; On                 ;
; Auto DSP Block Replacement                                       ; On                 ; On                 ;
; Auto Shift Register Replacement                                  ; Auto               ; Auto               ;
; Allow Shift Register Merging across Hierarchies                  ; Auto               ; Auto               ;
; Auto Clock Enable Replacement                                    ; On                 ; On                 ;
; Strict RAM Replacement                                           ; Off                ; Off                ;
; Allow Synchronous Control Signals                                ; On                 ; On                 ;
; Force Use of Synchronous Clear Signals                           ; Off                ; Off                ;
; Auto RAM Block Balancing                                         ; On                 ; On                 ;
; Auto RAM to Logic Cell Conversion                                ; Off                ; Off                ;
; Auto Resource Sharing                                            ; Off                ; Off                ;
; Allow Any RAM Size For Recognition                               ; Off                ; Off                ;
; Allow Any ROM Size For Recognition                               ; Off                ; Off                ;
; Allow Any Shift Register Size For Recognition                    ; Off                ; Off                ;
; Use LogicLock Constraints during Resource Balancing              ; On                 ; On                 ;
; Ignore translate_off and synthesis_off directives                ; Off                ; Off                ;
; Timing-Driven Synthesis                                          ; On                 ; On                 ;
; Report Parameter Settings                                        ; On                 ; On                 ;
; Report Source Assignments                                        ; On                 ; On                 ;
; Report Connectivity Checks                                       ; On                 ; On                 ;
; Ignore Maximum Fan-Out Assignments                               ; Off                ; Off                ;
; Synchronization Register Chain Length                            ; 2                  ; 2                  ;
; Power Optimization During Synthesis                              ; Normal compilation ; Normal compilation ;
; HDL message level                                                ; Level2             ; Level2             ;
; Suppress Register Optimization Related Messages                  ; Off                ; Off                ;
; Number of Removed Registers Reported in Synthesis Report         ; 5000               ; 5000               ;
; Number of Swept Nodes Reported in Synthesis Report               ; 5000               ; 5000               ;
; Number of Inverted Registers Reported in Synthesis Report        ; 100                ; 100                ;
; Clock MUX Protection                                             ; On                 ; On                 ;
; Auto Gated Clock Conversion                                      ; Off                ; Off                ;
; Block Design Naming                                              ; Auto               ; Auto               ;
; SDC constraint protection                                        ; Off                ; Off                ;
; Synthesis Effort                                                 ; Auto               ; Auto               ;
; Shift Register Replacement - Allow Asynchronous Clear Signal     ; On                 ; On                 ;
; Pre-Mapping Resynthesis Optimization                             ; Off                ; Off                ;
; Analysis & Synthesis Message Level                               ; Medium             ; Medium             ;
; Disable Register Merging Across Hierarchies                      ; Auto               ; Auto               ;
; Resource Aware Inference For Block RAM                           ; On                 ; On                 ;
+------------------------------------------------------------------+--------------------+--------------------+


+------------------------------------------+
; Parallel Compilation                     ;
+----------------------------+-------------+
; Processors                 ; Number      ;
+----------------------------+-------------+
; Number detected on machine ; 4           ;
; Maximum allowed            ; 4           ;
;                            ;             ;
; Average used               ; 1.00        ;
; Maximum used               ; 1           ;
;                            ;             ;
; Usage by Processor         ; % Time Used ;
;     Processor 1            ; 100.0%      ;
+----------------------------+-------------+


+-------------------------------+
; Analysis & Synthesis Messages ;
+-------------------------------+
Info: *******************************************************************
Info: Running Quartus Prime Analysis & Synthesis
    Info: Version 18.1.0 Build 625 09/12/2018 SJ Lite Edition
    Info: Processing started: Sun Apr 12 18:13:58 2020
Info: Command: quartus_map --read_settings_files=on --write_settings_files=off ExU -c ExU
Warning (18236): Number of processors has not been specified which may cause overloading on shared machines.  Set the global assignment NUM_PARALLEL_PROCESSORS in your QSF to an appropriate value for best performance.
Info (20030): Parallel compilation is enabled and will use 4 of the 4 processors detected
Info (12021): Found 8 design units, including 4 entities, in source file sourcecode/srl64.vhd
    Info (12022): Found design unit 1: SRL_MUX4bit32-rtl File: C:/Users/Jin-Desktop/Documents/Projects/ensc350-finalprojectpart2/ExU/SourceCode/SRL64.vhd Line: 17
    Info (12022): Found design unit 2: SRL_MUX4bit8-rtl File: C:/Users/Jin-Desktop/Documents/Projects/ensc350-finalprojectpart2/ExU/SourceCode/SRL64.vhd Line: 40
    Info (12022): Found design unit 3: SRL_MUX4bit2-rtl File: C:/Users/Jin-Desktop/Documents/Projects/ensc350-finalprojectpart2/ExU/SourceCode/SRL64.vhd Line: 63
    Info (12022): Found design unit 4: SRL64-rtl File: C:/Users/Jin-Desktop/Documents/Projects/ensc350-finalprojectpart2/ExU/SourceCode/SRL64.vhd Line: 92
    Info (12023): Found entity 1: SRL_MUX4bit32 File: C:/Users/Jin-Desktop/Documents/Projects/ensc350-finalprojectpart2/ExU/SourceCode/SRL64.vhd Line: 8
    Info (12023): Found entity 2: SRL_MUX4bit8 File: C:/Users/Jin-Desktop/Documents/Projects/ensc350-finalprojectpart2/ExU/SourceCode/SRL64.vhd Line: 31
    Info (12023): Found entity 3: SRL_MUX4bit2 File: C:/Users/Jin-Desktop/Documents/Projects/ensc350-finalprojectpart2/ExU/SourceCode/SRL64.vhd Line: 54
    Info (12023): Found entity 4: SRL64 File: C:/Users/Jin-Desktop/Documents/Projects/ensc350-finalprojectpart2/ExU/SourceCode/SRL64.vhd Line: 83
Info (12021): Found 8 design units, including 4 entities, in source file sourcecode/sra64.vhd
    Info (12022): Found design unit 1: SRA_MUX4bit32-rtl File: C:/Users/Jin-Desktop/Documents/Projects/ensc350-finalprojectpart2/ExU/SourceCode/SRA64.vhd Line: 17
    Info (12022): Found design unit 2: SRA_MUX4bit8-rtl File: C:/Users/Jin-Desktop/Documents/Projects/ensc350-finalprojectpart2/ExU/SourceCode/SRA64.vhd Line: 40
    Info (12022): Found design unit 3: SRA_MUX4bit2-rtl File: C:/Users/Jin-Desktop/Documents/Projects/ensc350-finalprojectpart2/ExU/SourceCode/SRA64.vhd Line: 63
    Info (12022): Found design unit 4: SRA64-rtl File: C:/Users/Jin-Desktop/Documents/Projects/ensc350-finalprojectpart2/ExU/SourceCode/SRA64.vhd Line: 92
    Info (12023): Found entity 1: SRA_MUX4bit32 File: C:/Users/Jin-Desktop/Documents/Projects/ensc350-finalprojectpart2/ExU/SourceCode/SRA64.vhd Line: 8
    Info (12023): Found entity 2: SRA_MUX4bit8 File: C:/Users/Jin-Desktop/Documents/Projects/ensc350-finalprojectpart2/ExU/SourceCode/SRA64.vhd Line: 31
    Info (12023): Found entity 3: SRA_MUX4bit2 File: C:/Users/Jin-Desktop/Documents/Projects/ensc350-finalprojectpart2/ExU/SourceCode/SRA64.vhd Line: 54
    Info (12023): Found entity 4: SRA64 File: C:/Users/Jin-Desktop/Documents/Projects/ensc350-finalprojectpart2/ExU/SourceCode/SRA64.vhd Line: 83
Info (12021): Found 8 design units, including 4 entities, in source file sourcecode/sll64.vhd
    Info (12022): Found design unit 1: SLL_MUX4bit32-rtl File: C:/Users/Jin-Desktop/Documents/Projects/ensc350-finalprojectpart2/ExU/SourceCode/SLL64.vhd Line: 17
    Info (12022): Found design unit 2: SLL_MUX4bit8-rtl File: C:/Users/Jin-Desktop/Documents/Projects/ensc350-finalprojectpart2/ExU/SourceCode/SLL64.vhd Line: 40
    Info (12022): Found design unit 3: SLL_MUX4bit2-rtl File: C:/Users/Jin-Desktop/Documents/Projects/ensc350-finalprojectpart2/ExU/SourceCode/SLL64.vhd Line: 63
    Info (12022): Found design unit 4: SLL64-rtl File: C:/Users/Jin-Desktop/Documents/Projects/ensc350-finalprojectpart2/ExU/SourceCode/SLL64.vhd Line: 92
    Info (12023): Found entity 1: SLL_MUX4bit32 File: C:/Users/Jin-Desktop/Documents/Projects/ensc350-finalprojectpart2/ExU/SourceCode/SLL64.vhd Line: 8
    Info (12023): Found entity 2: SLL_MUX4bit8 File: C:/Users/Jin-Desktop/Documents/Projects/ensc350-finalprojectpart2/ExU/SourceCode/SLL64.vhd Line: 31
    Info (12023): Found entity 3: SLL_MUX4bit2 File: C:/Users/Jin-Desktop/Documents/Projects/ensc350-finalprojectpart2/ExU/SourceCode/SLL64.vhd Line: 54
    Info (12023): Found entity 4: SLL64 File: C:/Users/Jin-Desktop/Documents/Projects/ensc350-finalprojectpart2/ExU/SourceCode/SLL64.vhd Line: 83
Info (12021): Found 2 design units, including 1 entities, in source file sourcecode/shiftunit.vhd
    Info (12022): Found design unit 1: ShiftUnit-rtl File: C:/Users/Jin-Desktop/Documents/Projects/ensc350-finalprojectpart2/ExU/SourceCode/ShiftUnit.vhd Line: 21
    Info (12023): Found entity 1: ShiftUnit File: C:/Users/Jin-Desktop/Documents/Projects/ensc350-finalprojectpart2/ExU/SourceCode/ShiftUnit.vhd Line: 11
Info (12021): Found 2 design units, including 1 entities, in source file sourcecode/logicunit.vhd
    Info (12022): Found design unit 1: LogicUnit-rtl File: C:/Users/Jin-Desktop/Documents/Projects/ensc350-finalprojectpart2/ExU/SourceCode/LogicUnit.vhd Line: 20
    Info (12023): Found entity 1: LogicUnit File: C:/Users/Jin-Desktop/Documents/Projects/ensc350-finalprojectpart2/ExU/SourceCode/LogicUnit.vhd Line: 10
Info (12021): Found 8 design units, including 4 entities, in source file sourcecode/logicgates.vhd
    Info (12022): Found design unit 1: AndGate-rtl File: C:/Users/Jin-Desktop/Documents/Projects/ensc350-finalprojectpart2/ExU/SourceCode/LogicGates.vhd Line: 17
    Info (12022): Found design unit 2: OrGate-rtl File: C:/Users/Jin-Desktop/Documents/Projects/ensc350-finalprojectpart2/ExU/SourceCode/LogicGates.vhd Line: 40
    Info (12022): Found design unit 3: XorGate-rtl File: C:/Users/Jin-Desktop/Documents/Projects/ensc350-finalprojectpart2/ExU/SourceCode/LogicGates.vhd Line: 63
    Info (12022): Found design unit 4: MUX4bit-rtl File: C:/Users/Jin-Desktop/Documents/Projects/ensc350-finalprojectpart2/ExU/SourceCode/LogicGates.vhd Line: 88
    Info (12023): Found entity 1: AndGate File: C:/Users/Jin-Desktop/Documents/Projects/ensc350-finalprojectpart2/ExU/SourceCode/LogicGates.vhd Line: 9
    Info (12023): Found entity 2: OrGate File: C:/Users/Jin-Desktop/Documents/Projects/ensc350-finalprojectpart2/ExU/SourceCode/LogicGates.vhd Line: 32
    Info (12023): Found entity 3: XorGate File: C:/Users/Jin-Desktop/Documents/Projects/ensc350-finalprojectpart2/ExU/SourceCode/LogicGates.vhd Line: 55
    Info (12023): Found entity 4: MUX4bit File: C:/Users/Jin-Desktop/Documents/Projects/ensc350-finalprojectpart2/ExU/SourceCode/LogicGates.vhd Line: 79
Info (12021): Found 2 design units, including 1 entities, in source file sourcecode/execunit.vhd
    Info (12022): Found design unit 1: ExecUnit-rtl File: C:/Users/Jin-Desktop/Documents/Projects/ensc350-finalprojectpart2/ExU/SourceCode/ExecUnit.vhd Line: 23
    Info (12023): Found entity 1: ExecUnit File: C:/Users/Jin-Desktop/Documents/Projects/ensc350-finalprojectpart2/ExU/SourceCode/ExecUnit.vhd Line: 9
Info (12021): Found 2 design units, including 1 entities, in source file sourcecode/arithunit.vhd
    Info (12022): Found design unit 1: ArithUnit-rtl File: C:/Users/Jin-Desktop/Documents/Projects/ensc350-finalprojectpart2/ExU/SourceCode/ArithUnit.vhd Line: 23
    Info (12023): Found entity 1: ArithUnit File: C:/Users/Jin-Desktop/Documents/Projects/ensc350-finalprojectpart2/ExU/SourceCode/ArithUnit.vhd Line: 5
Info (12021): Found 2 design units, including 1 entities, in source file sourcecode/adder.vhd
    Info (12022): Found design unit 1: Adder-rtl File: C:/Users/Jin-Desktop/Documents/Projects/ensc350-finalprojectpart2/ExU/SourceCode/Adder.vhd Line: 19
    Info (12023): Found entity 1: Adder File: C:/Users/Jin-Desktop/Documents/Projects/ensc350-finalprojectpart2/ExU/SourceCode/Adder.vhd Line: 8
Error (10621): VHDL Use Clause error at ShiftUnit.vhd(24): more than one Use Clause imports a declaration of simple name "unsigned" -- none of the declarations are directly visible File: C:/Users/Jin-Desktop/Documents/Projects/ensc350-finalprojectpart2/ExU/SourceCode/ShiftUnit.vhd Line: 24
Error (10784): HDL error at numeric_std_vhdl1993.vhd(65): see declaration for object "unsigned" File: c:/intelfpga_lite/18.1/quartus/libraries/vhdl/ieee/1993/numeric_std_vhdl1993.vhd Line: 65
Error (10609): VHDL error at syn_arit.vhd(26): another match for "unsigned" File: c:/intelfpga_lite/18.1/quartus/libraries/vhdl/synopsys/ieee/syn_arit.vhd Line: 26
Error: Quartus Prime Analysis & Synthesis was unsuccessful. 3 errors, 1 warning
    Error: Peak virtual memory: 4796 megabytes
    Error: Processing ended: Sun Apr 12 18:14:28 2020
    Error: Elapsed time: 00:00:30
    Error: Total CPU time (on all processors): 00:00:23


